# JRE version: OpenJDK Runtime Environment (16.0+36) (build 16+36-2231)
# Java VM: OpenJDK 64-Bit Server VM (16+36-2231, mixed mode, sharing, tiered, compressed oops, g1 gc, windows-amd64)
GC Precious Log:
 CPUs: 4 total, 4 available
 Memory: 8122M
 Large Page Support: Disabled
 NUMA Support: Disabled
 Compressed Oops: Enabled (32-bit)
 Heap Region Size: 1M
 Heap Min Capacity: 8M
 Heap Initial Capacity: 128M
 Heap Max Capacity: 2G
 Pre-touch: Disabled
 Parallel Workers: 4
 Concurrent Workers: 1
 Concurrent Refinement Workers: 4
 Periodic GC: Disabled
Heap:
 garbage-first heap   total 104448K, used 61878K [0x0000000080000000, 0x0000000100000000)
  region size 1024K, 5 young (5120K), 3 survivors (3072K)
 Metaspace       used 62614K, committed 63296K, reserved 479232K
  class space    used 8560K, committed 8896K, reserved 421888K
GC Heap History (20 events):
Event: 126.692 GC heap before
{Heap before GC invocations=18 (full 0):
 garbage-first heap   total 78848K, used 64282K [0x0000000080000000, 0x0000000100000000)
  region size 1024K, 21 young (21504K), 2 survivors (2048K)
 Metaspace       used 50349K, committed 50944K, reserved 471040K
  class space    used 6954K, committed 7232K, reserved 421888K
}
Event: 126.697 GC heap after
{Heap after GC invocations=19 (full 0):
 garbage-first heap   total 78848K, used 45515K [0x0000000080000000, 0x0000000100000000)
  region size 1024K, 3 young (3072K), 3 survivors (3072K)
 Metaspace       used 50349K, committed 50944K, reserved 471040K
  class space    used 6954K, committed 7232K, reserved 421888K
}
Event: 130.891 GC heap before
{Heap before GC invocations=19 (full 0):
 garbage-first heap   total 78848K, used 64971K [0x0000000080000000, 0x0000000100000000)
  region size 1024K, 22 young (22528K), 3 survivors (3072K)
 Metaspace       used 52938K, committed 53568K, reserved 471040K
  class space    used 7280K, committed 7552K, reserved 421888K
}
Event: 130.898 GC heap after
{Heap after GC invocations=20 (full 0):
 garbage-first heap   total 78848K, used 46513K [0x0000000080000000, 0x0000000100000000)
  region size 1024K, 3 young (3072K), 3 survivors (3072K)
 Metaspace       used 52938K, committed 53568K, reserved 471040K
  class space    used 7280K, committed 7552K, reserved 421888K
}
Event: 134.750 GC heap before
{Heap before GC invocations=21 (full 0):
 garbage-first heap   total 81920K, used 64945K [0x0000000080000000, 0x0000000100000000)
  region size 1024K, 21 young (21504K), 3 survivors (3072K)
 Metaspace       used 54260K, committed 54848K, reserved 471040K
  class space    used 7431K, committed 7744K, reserved 421888K
}
Event: 134.755 GC heap after
{Heap after GC invocations=22 (full 0):
 garbage-first heap   total 81920K, used 47447K [0x0000000080000000, 0x0000000100000000)
  region size 1024K, 2 young (2048K), 2 survivors (2048K)
 Metaspace       used 54260K, committed 54848K, reserved 471040K
  class space    used 7431K, committed 7744K, reserved 421888K
}
Event: 137.557 GC heap before
{Heap before GC invocations=22 (full 0):
 garbage-first heap   total 81920K, used 68951K [0x0000000080000000, 0x0000000100000000)
  region size 1024K, 23 young (23552K), 2 survivors (2048K)
 Metaspace       used 56383K, committed 57088K, reserved 471040K
  class space    used 7735K, committed 8064K, reserved 421888K
}
Event: 137.563 GC heap after
{Heap after GC invocations=23 (full 0):
 garbage-first heap   total 81920K, used 48976K [0x0000000080000000, 0x0000000100000000)
  region size 1024K, 3 young (3072K), 3 survivors (3072K)
 Metaspace       used 56383K, committed 57088K, reserved 471040K
  class space    used 7735K, committed 8064K, reserved 421888K
}
Event: 140.544 GC heap before
{Heap before GC invocations=24 (full 0):
 garbage-first heap   total 89088K, used 67408K [0x0000000080000000, 0x0000000100000000)
  region size 1024K, 21 young (21504K), 3 survivors (3072K)
 Metaspace       used 57437K, committed 58048K, reserved 479232K
  class space    used 7913K, committed 8192K, reserved 421888K
}
Event: 140.553 GC heap after
{Heap after GC invocations=25 (full 0):
 garbage-first heap   total 89088K, used 50278K [0x0000000080000000, 0x0000000100000000)
  region size 1024K, 3 young (3072K), 3 survivors (3072K)
 Metaspace       used 57437K, committed 58048K, reserved 479232K
  class space    used 7913K, committed 8192K, reserved 421888K
}
Event: 152.556 GC heap before
{Heap before GC invocations=25 (full 0):
 garbage-first heap   total 89088K, used 73830K [0x0000000080000000, 0x0000000100000000)
  region size 1024K, 26 young (26624K), 3 survivors (3072K)
 Metaspace       used 58772K, committed 59456K, reserved 479232K
  class space    used 8055K, committed 8384K, reserved 421888K
}
Event: 152.567 GC heap after
{Heap after GC invocations=26 (full 0):
 garbage-first heap   total 89088K, used 52285K [0x0000000080000000, 0x0000000100000000)
  region size 1024K, 4 young (4096K), 4 survivors (4096K)
 Metaspace       used 58772K, committed 59456K, reserved 479232K
  class space    used 8055K, committed 8384K, reserved 421888K
}
Event: 157.106 GC heap before
{Heap before GC invocations=27 (full 0):
 garbage-first heap   total 92160K, used 71741K [0x0000000080000000, 0x0000000100000000)
  region size 1024K, 24 young (24576K), 4 survivors (4096K)
 Metaspace       used 60455K, committed 61056K, reserved 479232K
  class space    used 8322K, committed 8640K, reserved 421888K
}
Event: 157.116 GC heap after
{Heap after GC invocations=28 (full 0):
 garbage-first heap   total 92160K, used 54072K [0x0000000080000000, 0x0000000100000000)
  region size 1024K, 2 young (2048K), 2 survivors (2048K)
 Metaspace       used 60455K, committed 61056K, reserved 479232K
  class space    used 8322K, committed 8640K, reserved 421888K
}
Event: 163.382 GC heap before
{Heap before GC invocations=28 (full 0):
 garbage-first heap   total 92160K, used 76599K [0x0000000080000000, 0x0000000100000000)
  region size 1024K, 24 young (24576K), 2 survivors (2048K)
 Metaspace       used 62434K, committed 63040K, reserved 479232K
  class space    used 8550K, committed 8832K, reserved 421888K
}
Event: 163.392 GC heap after
{Heap after GC invocations=29 (full 0):
 garbage-first heap   total 92160K, used 56489K [0x0000000080000000, 0x0000000100000000)
  region size 1024K, 3 young (3072K), 3 survivors (3072K)
 Metaspace       used 62434K, committed 63040K, reserved 479232K
  class space    used 8550K, committed 8832K, reserved 421888K
}
Event: 165.319 GC heap before
{Heap before GC invocations=30 (full 0):
 garbage-first heap   total 104448K, used 66729K [0x0000000080000000, 0x0000000100000000)
  region size 1024K, 15 young (15360K), 3 survivors (3072K)
 Metaspace       used 62530K, committed 63232K, reserved 479232K
  class space    used 8552K, committed 8896K, reserved 421888K
}
Event: 165.326 GC heap after
{Heap after GC invocations=31 (full 0):
 garbage-first heap   total 104448K, used 57947K [0x0000000080000000, 0x0000000100000000)
  region size 1024K, 2 young (2048K), 2 survivors (2048K)
 Metaspace       used 62530K, committed 63232K, reserved 479232K
  class space    used 8552K, committed 8896K, reserved 421888K
}
Event: 167.571 GC heap before
{Heap before GC invocations=32 (full 0):
 garbage-first heap   total 104448K, used 58971K [0x0000000080000000, 0x0000000100000000)
  region size 1024K, 4 young (4096K), 2 survivors (2048K)
 Metaspace       used 62602K, committed 63296K, reserved 479232K
  class space    used 8559K, committed 8896K, reserved 421888K
}
Event: 167.574 GC heap after
{Heap after GC invocations=33 (full 0):
 garbage-first heap   total 104448K, used 59830K [0x0000000080000000, 0x0000000100000000)
  region size 1024K, 3 young (3072K), 3 survivors (3072K)
 Metaspace       used 62602K, committed 63296K, reserved 479232K
  class space    used 8559K, committed 8896K, reserved 421888K
}

