# JRE version: OpenJDK Runtime Environment (16.0+36) (build 16+36-2231)
# Java VM: OpenJDK 64-Bit Server VM (16+36-2231, mixed mode, sharing, tiered, compressed oops, g1 gc, windows-amd64)
GC Precious Log:
 CPUs: 4 total, 4 available
 Memory: 8122M
 Large Page Support: Disabled
 NUMA Support: Disabled
 Compressed Oops: Enabled (32-bit)
 Heap Region Size: 1M
 Heap Min Capacity: 8M
 Heap Initial Capacity: 128M
 Heap Max Capacity: 2G
 Pre-touch: Disabled
 Parallel Workers: 4
 Concurrent Workers: 1
 Concurrent Refinement Workers: 4
 Periodic GC: Disabled
Heap:
 garbage-first heap   total 99328K, used 60440K [0x0000000080000000, 0x0000000100000000)
  region size 1024K, 8 young (8192K), 3 survivors (3072K)
 Metaspace       used 62490K, committed 63104K, reserved 479232K
  class space    used 8540K, committed 8832K, reserved 421888K
GC Heap History (20 events):
Event: 113.128 GC heap before
{Heap before GC invocations=15 (full 0):
 garbage-first heap   total 78848K, used 66626K [0x0000000080000000, 0x0000000100000000)
  region size 1024K, 28 young (28672K), 3 survivors (3072K)
 Metaspace       used 45964K, committed 46592K, reserved 462848K
  class space    used 6296K, committed 6592K, reserved 421888K
}
Event: 113.141 GC heap after
{Heap after GC invocations=16 (full 0):
 garbage-first heap   total 78848K, used 43455K [0x0000000080000000, 0x0000000100000000)
  region size 1024K, 4 young (4096K), 4 survivors (4096K)
 Metaspace       used 45964K, committed 46592K, reserved 462848K
  class space    used 6296K, committed 6592K, reserved 421888K
}
Event: 118.468 GC heap before
{Heap before GC invocations=16 (full 0):
 garbage-first heap   total 78848K, used 64959K [0x0000000080000000, 0x0000000100000000)
  region size 1024K, 25 young (25600K), 4 survivors (4096K)
 Metaspace       used 48153K, committed 48768K, reserved 471040K
  class space    used 6627K, committed 6912K, reserved 421888K
}
Event: 118.477 GC heap after
{Heap after GC invocations=17 (full 0):
 garbage-first heap   total 78848K, used 44944K [0x0000000080000000, 0x0000000100000000)
  region size 1024K, 2 young (2048K), 2 survivors (2048K)
 Metaspace       used 48153K, committed 48768K, reserved 471040K
  class space    used 6627K, committed 6912K, reserved 421888K
}
Event: 122.529 GC heap before
{Heap before GC invocations=18 (full 0):
 garbage-first heap   total 78848K, used 64400K [0x0000000080000000, 0x0000000100000000)
  region size 1024K, 21 young (21504K), 2 survivors (2048K)
 Metaspace       used 50504K, committed 51072K, reserved 471040K
  class space    used 6968K, committed 7232K, reserved 421888K
}
Event: 122.535 GC heap after
{Heap after GC invocations=19 (full 0):
 garbage-first heap   total 78848K, used 45697K [0x0000000080000000, 0x0000000100000000)
  region size 1024K, 3 young (3072K), 3 survivors (3072K)
 Metaspace       used 50504K, committed 51072K, reserved 471040K
  class space    used 6968K, committed 7232K, reserved 421888K
}
Event: 126.426 GC heap before
{Heap before GC invocations=19 (full 0):
 garbage-first heap   total 78848K, used 65153K [0x0000000080000000, 0x0000000100000000)
  region size 1024K, 22 young (22528K), 3 survivors (3072K)
 Metaspace       used 53071K, committed 53632K, reserved 471040K
  class space    used 7291K, committed 7552K, reserved 421888K
}
Event: 126.431 GC heap after
{Heap after GC invocations=20 (full 0):
 garbage-first heap   total 78848K, used 46851K [0x0000000080000000, 0x0000000100000000)
  region size 1024K, 3 young (3072K), 3 survivors (3072K)
 Metaspace       used 53071K, committed 53632K, reserved 471040K
  class space    used 7291K, committed 7552K, reserved 421888K
}
Event: 129.601 GC heap before
{Heap before GC invocations=21 (full 0):
 garbage-first heap   total 83968K, used 62211K [0x0000000080000000, 0x0000000100000000)
  region size 1024K, 19 young (19456K), 3 survivors (3072K)
 Metaspace       used 54271K, committed 54848K, reserved 471040K
  class space    used 7422K, committed 7680K, reserved 421888K
}
Event: 129.606 GC heap after
{Heap after GC invocations=22 (full 0):
 garbage-first heap   total 83968K, used 48224K [0x0000000080000000, 0x0000000100000000)
  region size 1024K, 3 young (3072K), 3 survivors (3072K)
 Metaspace       used 54271K, committed 54848K, reserved 471040K
  class space    used 7422K, committed 7680K, reserved 421888K
}
Event: 135.403 GC heap before
{Heap before GC invocations=22 (full 0):
 garbage-first heap   total 83968K, used 67680K [0x0000000080000000, 0x0000000100000000)
  region size 1024K, 23 young (23552K), 3 survivors (3072K)
 Metaspace       used 56394K, committed 57024K, reserved 471040K
  class space    used 7725K, committed 8000K, reserved 421888K
}
Event: 135.410 GC heap after
{Heap after GC invocations=23 (full 0):
 garbage-first heap   total 83968K, used 48806K [0x0000000080000000, 0x0000000100000000)
  region size 1024K, 2 young (2048K), 2 survivors (2048K)
 Metaspace       used 56394K, committed 57024K, reserved 471040K
  class space    used 7725K, committed 8000K, reserved 421888K
}
Event: 138.187 GC heap before
{Heap before GC invocations=24 (full 0):
 garbage-first heap   total 94208K, used 68262K [0x0000000080000000, 0x0000000100000000)
  region size 1024K, 21 young (21504K), 2 survivors (2048K)
 Metaspace       used 57395K, committed 58048K, reserved 479232K
  class space    used 7897K, committed 8192K, reserved 421888K
}
Event: 138.200 GC heap after
{Heap after GC invocations=25 (full 0):
 garbage-first heap   total 94208K, used 50293K [0x0000000080000000, 0x0000000100000000)
  region size 1024K, 3 young (3072K), 3 survivors (3072K)
 Metaspace       used 57395K, committed 58048K, reserved 479232K
  class space    used 7897K, committed 8192K, reserved 421888K
}
Event: 155.217 GC heap before
{Heap before GC invocations=25 (full 0):
 garbage-first heap   total 94208K, used 75893K [0x0000000080000000, 0x0000000100000000)
  region size 1024K, 28 young (28672K), 3 survivors (3072K)
 Metaspace       used 58807K, committed 59456K, reserved 479232K
  class space    used 8048K, committed 8384K, reserved 421888K
}
Event: 155.228 GC heap after
{Heap after GC invocations=26 (full 0):
 garbage-first heap   total 94208K, used 52411K [0x0000000080000000, 0x0000000100000000)
  region size 1024K, 4 young (4096K), 4 survivors (4096K)
 Metaspace       used 58807K, committed 59456K, reserved 479232K
  class space    used 8048K, committed 8384K, reserved 421888K
}
Event: 162.813 GC heap before
{Heap before GC invocations=27 (full 0):
 garbage-first heap   total 94208K, used 75963K [0x0000000080000000, 0x0000000100000000)
  region size 1024K, 28 young (28672K), 4 survivors (4096K)
 Metaspace       used 61008K, committed 61696K, reserved 479232K
  class space    used 8381K, committed 8704K, reserved 421888K
}
Event: 162.834 GC heap after
{Heap after GC invocations=28 (full 0):
 garbage-first heap   total 94208K, used 54561K [0x0000000080000000, 0x0000000100000000)
  region size 1024K, 3 young (3072K), 3 survivors (3072K)
 Metaspace       used 61008K, committed 61696K, reserved 479232K
  class space    used 8381K, committed 8704K, reserved 421888K
}
Event: 173.047 GC heap before
{Heap before GC invocations=28 (full 0):
 garbage-first heap   total 94208K, used 75041K [0x0000000080000000, 0x0000000100000000)
  region size 1024K, 24 young (24576K), 3 survivors (3072K)
 Metaspace       used 62454K, committed 63104K, reserved 479232K
  class space    used 8540K, committed 8832K, reserved 421888K
}
Event: 173.061 GC heap after
{Heap after GC invocations=29 (full 0):
 garbage-first heap   total 94208K, used 57368K [0x0000000080000000, 0x0000000100000000)
  region size 1024K, 3 young (3072K), 3 survivors (3072K)
 Metaspace       used 62454K, committed 63104K, reserved 479232K
  class space    used 8540K, committed 8832K, reserved 421888K
}

