# JRE version: OpenJDK Runtime Environment (16.0+36) (build 16+36-2231)
# Java VM: OpenJDK 64-Bit Server VM (16+36-2231, mixed mode, sharing, tiered, compressed oops, g1 gc, windows-amd64)
GC Precious Log:
 CPUs: 4 total, 4 available
 Memory: 8122M
 Large Page Support: Disabled
 NUMA Support: Disabled
 Compressed Oops: Enabled (32-bit)
 Heap Region Size: 1M
 Heap Min Capacity: 8M
 Heap Initial Capacity: 128M
 Heap Max Capacity: 2G
 Pre-touch: Disabled
 Parallel Workers: 4
 Concurrent Workers: 1
 Concurrent Refinement Workers: 4
 Periodic GC: Disabled
Heap:
 garbage-first heap   total 87040K, used 52036K [0x0000000080000000, 0x0000000100000000)
  region size 1024K, 4 young (4096K), 3 survivors (3072K)
 Metaspace       used 59231K, committed 59840K, reserved 479232K
  class space    used 8160K, committed 8448K, reserved 421888K
GC Heap History (20 events):
Event: 126.134 GC heap before
{Heap before GC invocations=14 (full 0):
 garbage-first heap   total 71680K, used 53914K [0x0000000080000000, 0x0000000100000000)
  region size 1024K, 23 young (23552K), 3 survivors (3072K)
 Metaspace       used 42371K, committed 42880K, reserved 462848K
  class space    used 5808K, committed 6016K, reserved 421888K
}
Event: 126.146 GC heap after
{Heap after GC invocations=15 (full 0):
 garbage-first heap   total 71680K, used 35914K [0x0000000080000000, 0x0000000100000000)
  region size 1024K, 3 young (3072K), 3 survivors (3072K)
 Metaspace       used 42371K, committed 42880K, reserved 462848K
  class space    used 5808K, committed 6016K, reserved 421888K
}
Event: 129.043 GC heap before
{Heap before GC invocations=16 (full 0):
 garbage-first heap   total 71680K, used 61514K [0x0000000080000000, 0x0000000100000000)
  region size 1024K, 24 young (24576K), 3 survivors (3072K)
 Metaspace       used 45464K, committed 46080K, reserved 462848K
  class space    used 6206K, committed 6528K, reserved 421888K
}
Event: 129.053 GC heap after
{Heap after GC invocations=17 (full 0):
 garbage-first heap   total 71680K, used 42508K [0x0000000080000000, 0x0000000100000000)
  region size 1024K, 3 young (3072K), 3 survivors (3072K)
 Metaspace       used 45464K, committed 46080K, reserved 462848K
  class space    used 6206K, committed 6528K, reserved 421888K
}
Event: 132.955 GC heap before
{Heap before GC invocations=17 (full 0):
 garbage-first heap   total 71680K, used 58892K [0x0000000080000000, 0x0000000100000000)
  region size 1024K, 19 young (19456K), 3 survivors (3072K)
 Metaspace       used 47297K, committed 47872K, reserved 471040K
  class space    used 6518K, committed 6784K, reserved 421888K
}
Event: 132.965 GC heap after
{Heap after GC invocations=18 (full 0):
 garbage-first heap   total 71680K, used 43595K [0x0000000080000000, 0x0000000100000000)
  region size 1024K, 1 young (1024K), 1 survivors (1024K)
 Metaspace       used 47297K, committed 47872K, reserved 471040K
  class space    used 6518K, committed 6784K, reserved 421888K
}
Event: 134.706 GC heap before
{Heap before GC invocations=19 (full 0):
 garbage-first heap   total 78848K, used 58955K [0x0000000080000000, 0x0000000100000000)
  region size 1024K, 16 young (16384K), 1 survivors (1024K)
 Metaspace       used 48985K, committed 49600K, reserved 471040K
  class space    used 6759K, committed 7040K, reserved 421888K
}
Event: 134.713 GC heap after
{Heap after GC invocations=20 (full 0):
 garbage-first heap   total 78848K, used 44209K [0x0000000080000000, 0x0000000100000000)
  region size 1024K, 2 young (2048K), 2 survivors (2048K)
 Metaspace       used 48985K, committed 49600K, reserved 471040K
  class space    used 6759K, committed 7040K, reserved 421888K
}
Event: 138.044 GC heap before
{Heap before GC invocations=20 (full 0):
 garbage-first heap   total 78848K, used 63665K [0x0000000080000000, 0x0000000100000000)
  region size 1024K, 21 young (21504K), 2 survivors (2048K)
 Metaspace       used 51283K, committed 51840K, reserved 471040K
  class space    used 7084K, committed 7360K, reserved 421888K
}
Event: 138.052 GC heap after
{Heap after GC invocations=21 (full 0):
 garbage-first heap   total 78848K, used 45252K [0x0000000080000000, 0x0000000100000000)
  region size 1024K, 3 young (3072K), 3 survivors (3072K)
 Metaspace       used 51283K, committed 51840K, reserved 471040K
  class space    used 7084K, committed 7360K, reserved 421888K
}
Event: 141.042 GC heap before
{Heap before GC invocations=22 (full 0):
 garbage-first heap   total 80896K, used 64708K [0x0000000080000000, 0x0000000100000000)
  region size 1024K, 22 young (22528K), 3 survivors (3072K)
 Metaspace       used 53869K, committed 54400K, reserved 471040K
  class space    used 7408K, committed 7680K, reserved 421888K
}
Event: 141.050 GC heap after
{Heap after GC invocations=23 (full 0):
 garbage-first heap   total 80896K, used 46299K [0x0000000080000000, 0x0000000100000000)
  region size 1024K, 3 young (3072K), 3 survivors (3072K)
 Metaspace       used 53869K, committed 54400K, reserved 471040K
  class space    used 7408K, committed 7680K, reserved 421888K
}
Event: 143.576 GC heap before
{Heap before GC invocations=23 (full 0):
 garbage-first heap   total 80896K, used 65755K [0x0000000080000000, 0x0000000100000000)
  region size 1024K, 23 young (23552K), 3 survivors (3072K)
 Metaspace       used 55229K, committed 55808K, reserved 471040K
  class space    used 7561K, committed 7872K, reserved 421888K
}
Event: 143.584 GC heap after
{Heap after GC invocations=24 (full 0):
 garbage-first heap   total 80896K, used 47545K [0x0000000080000000, 0x0000000100000000)
  region size 1024K, 3 young (3072K), 3 survivors (3072K)
 Metaspace       used 55229K, committed 55808K, reserved 471040K
  class space    used 7561K, committed 7872K, reserved 421888K
}
Event: 148.685 GC heap before
{Heap before GC invocations=25 (full 0):
 garbage-first heap   total 83968K, used 65977K [0x0000000080000000, 0x0000000100000000)
  region size 1024K, 21 young (21504K), 3 survivors (3072K)
 Metaspace       used 56526K, committed 57152K, reserved 479232K
  class space    used 7759K, committed 8064K, reserved 421888K
}
Event: 148.694 GC heap after
{Heap after GC invocations=26 (full 0):
 garbage-first heap   total 83968K, used 48986K [0x0000000080000000, 0x0000000100000000)
  region size 1024K, 3 young (3072K), 3 survivors (3072K)
 Metaspace       used 56526K, committed 57152K, reserved 479232K
  class space    used 7759K, committed 8064K, reserved 421888K
}
Event: 152.341 GC heap before
{Heap before GC invocations=26 (full 0):
 garbage-first heap   total 83968K, used 68442K [0x0000000080000000, 0x0000000100000000)
  region size 1024K, 22 young (22528K), 3 survivors (3072K)
 Metaspace       used 57941K, committed 58560K, reserved 479232K
  class space    used 7985K, committed 8320K, reserved 421888K
}
Event: 152.348 GC heap after
{Heap after GC invocations=27 (full 0):
 garbage-first heap   total 83968K, used 50127K [0x0000000080000000, 0x0000000100000000)
  region size 1024K, 3 young (3072K), 3 survivors (3072K)
 Metaspace       used 57941K, committed 58560K, reserved 479232K
  class space    used 7985K, committed 8320K, reserved 421888K
}
Event: 158.176 GC heap before
{Heap before GC invocations=28 (full 0):
 garbage-first heap   total 87040K, used 69583K [0x0000000080000000, 0x0000000100000000)
  region size 1024K, 22 young (22528K), 3 survivors (3072K)
 Metaspace       used 59166K, committed 59776K, reserved 479232K
  class space    used 8145K, committed 8448K, reserved 421888K
}
Event: 158.187 GC heap after
{Heap after GC invocations=29 (full 0):
 garbage-first heap   total 87040K, used 52036K [0x0000000080000000, 0x0000000100000000)
  region size 1024K, 3 young (3072K), 3 survivors (3072K)
 Metaspace       used 59166K, committed 59776K, reserved 479232K
  class space    used 8145K, committed 8448K, reserved 421888K
}

