# JRE version: OpenJDK Runtime Environment (16.0+36) (build 16+36-2231)
# Java VM: OpenJDK 64-Bit Server VM (16+36-2231, mixed mode, sharing, tiered, compressed oops, g1 gc, windows-amd64)
GC Precious Log:
 CPUs: 4 total, 4 available
 Memory: 8122M
 Large Page Support: Disabled
 NUMA Support: Disabled
 Compressed Oops: Enabled (32-bit)
 Heap Region Size: 1M
 Heap Min Capacity: 8M
 Heap Initial Capacity: 128M
 Heap Max Capacity: 2G
 Pre-touch: Disabled
 Parallel Workers: 4
 Concurrent Workers: 1
 Concurrent Refinement Workers: 4
 Periodic GC: Disabled
Heap:
 garbage-first heap   total 99328K, used 56862K [0x0000000080000000, 0x0000000100000000)
  region size 1024K, 6 young (6144K), 4 survivors (4096K)
 Metaspace       used 62265K, committed 62912K, reserved 479232K
  class space    used 8521K, committed 8832K, reserved 421888K
GC Heap History (20 events):
Event: 119.060 GC heap before
{Heap before GC invocations=15 (full 0):
 garbage-first heap   total 78848K, used 65541K [0x0000000080000000, 0x0000000100000000)
  region size 1024K, 28 young (28672K), 3 survivors (3072K)
 Metaspace       used 45925K, committed 46464K, reserved 471040K
  class space    used 6294K, committed 6528K, reserved 421888K
}
Event: 119.069 GC heap after
{Heap after GC invocations=16 (full 0):
 garbage-first heap   total 78848K, used 43157K [0x0000000080000000, 0x0000000100000000)
  region size 1024K, 4 young (4096K), 4 survivors (4096K)
 Metaspace       used 45925K, committed 46464K, reserved 471040K
  class space    used 6294K, committed 6528K, reserved 421888K
}
Event: 123.357 GC heap before
{Heap before GC invocations=16 (full 0):
 garbage-first heap   total 78848K, used 63637K [0x0000000080000000, 0x0000000100000000)
  region size 1024K, 24 young (24576K), 4 survivors (4096K)
 Metaspace       used 48011K, committed 48576K, reserved 471040K
  class space    used 6608K, committed 6912K, reserved 421888K
}
Event: 123.365 GC heap after
{Heap after GC invocations=17 (full 0):
 garbage-first heap   total 78848K, used 44394K [0x0000000080000000, 0x0000000100000000)
  region size 1024K, 2 young (2048K), 2 survivors (2048K)
 Metaspace       used 48011K, committed 48576K, reserved 471040K
  class space    used 6608K, committed 6912K, reserved 421888K
}
Event: 126.659 GC heap before
{Heap before GC invocations=18 (full 0):
 garbage-first heap   total 78848K, used 63850K [0x0000000080000000, 0x0000000100000000)
  region size 1024K, 21 young (21504K), 2 survivors (2048K)
 Metaspace       used 50313K, committed 50944K, reserved 471040K
  class space    used 6935K, committed 7232K, reserved 421888K
}
Event: 126.667 GC heap after
{Heap after GC invocations=19 (full 0):
 garbage-first heap   total 78848K, used 45039K [0x0000000080000000, 0x0000000100000000)
  region size 1024K, 2 young (2048K), 2 survivors (2048K)
 Metaspace       used 50313K, committed 50944K, reserved 471040K
  class space    used 6935K, committed 7232K, reserved 421888K
}
Event: 129.752 GC heap before
{Heap before GC invocations=19 (full 0):
 garbage-first heap   total 78848K, used 65519K [0x0000000080000000, 0x0000000100000000)
  region size 1024K, 22 young (22528K), 2 survivors (2048K)
 Metaspace       used 53016K, committed 53632K, reserved 471040K
  class space    used 7283K, committed 7552K, reserved 421888K
}
Event: 129.760 GC heap after
{Heap after GC invocations=20 (full 0):
 garbage-first heap   total 78848K, used 46228K [0x0000000080000000, 0x0000000100000000)
  region size 1024K, 3 young (3072K), 3 survivors (3072K)
 Metaspace       used 53016K, committed 53632K, reserved 471040K
  class space    used 7283K, committed 7552K, reserved 421888K
}
Event: 132.623 GC heap before
{Heap before GC invocations=21 (full 0):
 garbage-first heap   total 81920K, used 64660K [0x0000000080000000, 0x0000000100000000)
  region size 1024K, 21 young (21504K), 3 survivors (3072K)
 Metaspace       used 54320K, committed 54976K, reserved 471040K
  class space    used 7436K, committed 7744K, reserved 421888K
}
Event: 132.632 GC heap after
{Heap after GC invocations=22 (full 0):
 garbage-first heap   total 81920K, used 47821K [0x0000000080000000, 0x0000000100000000)
  region size 1024K, 3 young (3072K), 3 survivors (3072K)
 Metaspace       used 54320K, committed 54976K, reserved 471040K
  class space    used 7436K, committed 7744K, reserved 421888K
}
Event: 135.657 GC heap before
{Heap before GC invocations=22 (full 0):
 garbage-first heap   total 81920K, used 66253K [0x0000000080000000, 0x0000000100000000)
  region size 1024K, 22 young (22528K), 3 survivors (3072K)
 Metaspace       used 56337K, committed 57024K, reserved 479232K
  class space    used 7725K, committed 8064K, reserved 421888K
}
Event: 135.668 GC heap after
{Heap after GC invocations=23 (full 0):
 garbage-first heap   total 81920K, used 49156K [0x0000000080000000, 0x0000000100000000)
  region size 1024K, 3 young (3072K), 3 survivors (3072K)
 Metaspace       used 56337K, committed 57024K, reserved 479232K
  class space    used 7725K, committed 8064K, reserved 421888K
}
Event: 137.873 GC heap before
{Heap before GC invocations=24 (full 0):
 garbage-first heap   total 86016K, used 67588K [0x0000000080000000, 0x0000000100000000)
  region size 1024K, 21 young (21504K), 3 survivors (3072K)
 Metaspace       used 57345K, committed 57984K, reserved 479232K
  class space    used 7896K, committed 8192K, reserved 421888K
}
Event: 137.882 GC heap after
{Heap after GC invocations=25 (full 0):
 garbage-first heap   total 86016K, used 50829K [0x0000000080000000, 0x0000000100000000)
  region size 1024K, 3 young (3072K), 3 survivors (3072K)
 Metaspace       used 57345K, committed 57984K, reserved 479232K
  class space    used 7896K, committed 8192K, reserved 421888K
}
Event: 147.968 GC heap before
{Heap before GC invocations=25 (full 0):
 garbage-first heap   total 86016K, used 70285K [0x0000000080000000, 0x0000000100000000)
  region size 1024K, 22 young (22528K), 3 survivors (3072K)
 Metaspace       used 58609K, committed 59200K, reserved 479232K
  class space    used 8034K, committed 8320K, reserved 421888K
}
Event: 147.978 GC heap after
{Heap after GC invocations=26 (full 0):
 garbage-first heap   total 86016K, used 52241K [0x0000000080000000, 0x0000000100000000)
  region size 1024K, 3 young (3072K), 3 survivors (3072K)
 Metaspace       used 58609K, committed 59200K, reserved 479232K
  class space    used 8034K, committed 8320K, reserved 421888K
}
Event: 154.561 GC heap before
{Heap before GC invocations=27 (full 0):
 garbage-first heap   total 92160K, used 70673K [0x0000000080000000, 0x0000000100000000)
  region size 1024K, 21 young (21504K), 3 survivors (3072K)
 Metaspace       used 60010K, committed 60672K, reserved 479232K
  class space    used 8267K, committed 8576K, reserved 421888K
}
Event: 154.573 GC heap after
{Heap after GC invocations=28 (full 0):
 garbage-first heap   total 92160K, used 53846K [0x0000000080000000, 0x0000000100000000)
  region size 1024K, 3 young (3072K), 3 survivors (3072K)
 Metaspace       used 60010K, committed 60672K, reserved 479232K
  class space    used 8267K, committed 8576K, reserved 421888K
}
Event: 158.682 GC heap before
{Heap before GC invocations=28 (full 0):
 garbage-first heap   total 92160K, used 75350K [0x0000000080000000, 0x0000000100000000)
  region size 1024K, 25 young (25600K), 3 survivors (3072K)
 Metaspace       used 62075K, committed 62720K, reserved 479232K
  class space    used 8485K, committed 8768K, reserved 421888K
}
Event: 158.693 GC heap after
{Heap after GC invocations=29 (full 0):
 garbage-first heap   total 92160K, used 56862K [0x0000000080000000, 0x0000000100000000)
  region size 1024K, 4 young (4096K), 4 survivors (4096K)
 Metaspace       used 62075K, committed 62720K, reserved 479232K
  class space    used 8485K, committed 8768K, reserved 421888K
}

